<?xml version="1.0" encoding="UTF-8"?>
<!-- Generated by org.testng.reporters.JUnitXMLReporter -->
<testsuite hostname="Sowbhas-iMac.local" ignored="0" name=" Browser Chrome" tests="3" failures="0" timestamp="31 May 2019 10:32:39 GMT" time="23.471" errors="0">
  <testcase name="validatelogin" time="7.313" classname="com.sample.abc.Loginpage"/>
  <testcase name="validateincorrectlogin" time="0.794" classname="com.sample.abc.Loginpage"/>
  <testcase name="validateLogo" time="0.058" classname="com.sample.abc.Loginpage"/>
</testsuite> <!--  Browser Chrome -->
