<?xml version="1.0" encoding="UTF-8"?>
<!-- Generated by org.testng.reporters.JUnitXMLReporter -->
<testsuite hostname="Sowbhas-iMac.local" ignored="0" name=" Browser Firefox" tests="3" failures="0" timestamp="31 May 2019 10:33:08 GMT" time="29.263" errors="0">
  <testcase name="validatelogin" time="4.825" classname="com.sample.abc.Loginpage"/>
  <testcase name="validateincorrectlogin" time="0.87" classname="com.sample.abc.Loginpage"/>
  <testcase name="validateLogo" time="0.118" classname="com.sample.abc.Loginpage"/>
</testsuite> <!--  Browser Firefox -->
