<?xml version="1.0" encoding="UTF-8"?>
<!-- Generated by org.testng.reporters.JUnitXMLReporter -->
<testsuite hostname="Sowbhas-iMac.local" ignored="0" name="Test" tests="1" failures="1" timestamp="30 May 2019 12:44:37 GMT" time="0.035" errors="0">
  <testcase name="validatelogin" time="0.0" classname="com.sample.abc.Loginpage">
    <failure type="org.testng.TestNGException" message="
Cannot inject @Test annotated Method [validatelogin] with [class java.lang.String, class java.lang.String].
For more information on native dependency injection please refer to http://testng.org/doc/documentation-main.html#native-dependency-injection">
      <![CDATA[org.testng.TestNGException: 
Cannot inject @Test annotated Method [validatelogin] with [class java.lang.String, class java.lang.String].
For more information on native dependency injection please refer to http://testng.org/doc/documentation-main.html#native-dependency-injection
... Removed 24 stack frames]]>
    </failure>
  </testcase> <!-- validatelogin -->
</testsuite> <!-- Test -->
